2023-05-31T15:10:28.106-04:00  INFO 357884 --- [main] com.retail.RetailAnalyticsApplication    : Starting RetailAnalyticsApplication using Java 17.0.6 with PID 357884 (C:\sts-workspace\retail-analytics\target\classes started by muthu in C:\sts-workspace\retail-analytics)
2023-05-31T15:10:28.131-04:00  INFO 357884 --- [main] com.retail.RetailAnalyticsApplication    : No active profile set, falling back to 1 default profile: "default"
2023-05-31T15:10:30.603-04:00  INFO 357884 --- [main] .s.d.r.c.RepositoryConfigurationDelegate : Bootstrapping Spring Data JPA repositories in DEFAULT mode.
2023-05-31T15:10:30.791-04:00  INFO 357884 --- [main] .s.d.r.c.RepositoryConfigurationDelegate : Finished Spring Data repository scanning in 162 ms. Found 1 JPA repository interfaces.
2023-05-31T15:10:32.479-04:00  INFO 357884 --- [main] o.s.b.w.embedded.tomcat.TomcatWebServer  : Tomcat initialized with port(s): 9001 (http)
2023-05-31T15:10:32.507-04:00  INFO 357884 --- [main] o.apache.catalina.core.StandardService   : Starting service [Tomcat]
2023-05-31T15:10:32.508-04:00  INFO 357884 --- [main] o.apache.catalina.core.StandardEngine    : Starting Servlet engine: [Apache Tomcat/10.1.8]
2023-05-31T15:10:32.885-04:00  INFO 357884 --- [main] o.a.c.c.C.[Tomcat].[localhost].[/]       : Initializing Spring embedded WebApplicationContext
2023-05-31T15:10:32.885-04:00  INFO 357884 --- [main] w.s.c.ServletWebServerApplicationContext : Root WebApplicationContext: initialization completed in 4593 ms
2023-05-31T15:10:33.109-04:00  INFO 357884 --- [main] com.zaxxer.hikari.HikariDataSource       : HikariPool-1 - Starting...
2023-05-31T15:10:33.806-04:00  INFO 357884 --- [main] com.zaxxer.hikari.pool.HikariPool        : HikariPool-1 - Added connection com.mysql.cj.jdbc.ConnectionImpl@608b35fa
2023-05-31T15:10:33.810-04:00  INFO 357884 --- [main] com.zaxxer.hikari.HikariDataSource       : HikariPool-1 - Start completed.
2023-05-31T15:10:33.974-04:00  INFO 357884 --- [main] o.hibernate.jpa.internal.util.LogHelper  : HHH000204: Processing PersistenceUnitInfo [name: default]
2023-05-31T15:10:34.077-04:00  INFO 357884 --- [main] org.hibernate.Version                    : HHH000412: Hibernate ORM core version 6.1.7.Final
2023-05-31T15:10:34.787-04:00  INFO 357884 --- [main] SQL dialect                              : HHH000400: Using dialect: org.hibernate.dialect.MySQL8Dialect
2023-05-31T15:10:34.790-04:00  WARN 357884 --- [main] org.hibernate.orm.deprecation            : HHH90000026: MySQL8Dialect has been deprecated; use org.hibernate.dialect.MySQLDialect instead
2023-05-31T15:10:36.178-04:00  INFO 357884 --- [main] o.h.e.t.j.p.i.JtaPlatformInitiator       : HHH000490: Using JtaPlatform implementation: [org.hibernate.engine.transaction.jta.platform.internal.NoJtaPlatform]
2023-05-31T15:10:36.194-04:00  INFO 357884 --- [main] j.LocalContainerEntityManagerFactoryBean : Initialized JPA EntityManagerFactory for persistence unit 'default'
2023-05-31T15:10:37.780-04:00  WARN 357884 --- [main] JpaBaseConfiguration$JpaWebConfiguration : spring.jpa.open-in-view is enabled by default. Therefore, database queries may be performed during view rendering. Explicitly configure spring.jpa.open-in-view to disable this warning
2023-05-31T15:10:39.698-04:00  INFO 357884 --- [main] o.s.b.w.embedded.tomcat.TomcatWebServer  : Tomcat started on port(s): 9001 (http) with context path ''
2023-05-31T15:10:40.601-04:00  INFO 357884 --- [main] com.retail.RetailAnalyticsApplication    : Started RetailAnalyticsApplication in 13.623 seconds (process running for 14.678)
2023-05-31T15:19:19.359-04:00  INFO 357884 --- [http-nio-9001-exec-2] o.a.c.c.C.[Tomcat].[localhost].[/]       : Initializing Spring DispatcherServlet 'dispatcherServlet'
2023-05-31T15:19:19.382-04:00  INFO 357884 --- [http-nio-9001-exec-2] o.s.web.servlet.DispatcherServlet        : Initializing Servlet 'dispatcherServlet'
2023-05-31T15:19:19.533-04:00  INFO 357884 --- [http-nio-9001-exec-2] o.s.web.servlet.DispatcherServlet        : Completed initialization in 148 ms
2023-05-31T15:20:38.206-04:00  INFO 357884 --- [http-nio-9001-exec-5] c.r.c.RetailAnalyticsController          : <<==========================================================>>
2023-05-31T15:20:38.218-04:00  INFO 357884 --- [http-nio-9001-exec-5] c.r.c.RetailAnalyticsController          : 	  Start-->/retail/find-customer-orders/3
2023-05-31T15:20:38.219-04:00  INFO 357884 --- [http-nio-9001-exec-5] c.r.c.RetailAnalyticsController          : <<==========================================================>>
2023-05-31T15:20:38.220-04:00  INFO 357884 --- [http-nio-9001-exec-5] c.r.s.impl.OrderDetailsServiceImpl       : -->OrderDetailsServiceImpl.findByCustomerId
2023-05-31T15:20:39.958-04:00  WARN 357884 --- [http-nio-9001-exec-5] c.r.c.RetailAnalyticsController          : Successfully retrived!!!
